pujde to 3
pujde to 2
ajajaj
ajajaj
pujde to 1
pujde to 1
ajajaj
pujde to 3
pujde to 1
pujde to 1
ajajaj
pujde to 1
pujde to 2 0
pujde to 2
pujde to 1
pujde to 0
ajajaj
pujde to 2
pujde to 0
pujde to 0
ajajaj
pujde to 3
pujde to 7 1
pujde to 2
ajajaj
pujde to 1
pujde to 5
pujde to 4 2 1
pujde to 5 3 6 2 8
pujde to 0
pujde to 6 3
pujde to 3
pujde to 2
pujde to 3
pujde to 1
ajajaj
ajajaj
pujde to 5
pujde to 0
pujde to 0
ajajaj
pujde to 0
pujde to 0 4
pujde to 3
pujde to 5
pujde to 1
ajajaj
pujde to 2 0
ajajaj
pujde to 5
pujde to 3 2
pujde to 2
pujde to 21 0 2 19
pujde to 14
pujde to 16 23 1 27 12 24 0 32 8 31 22 3 14 28 25 18 13 21 20 10 4 19 17 7
pujde to 0 15 21 19 8 5 12 7 17 9 13 10
pujde to 17 10 1 2 15 9 19 16 13 6
pujde to 7
pujde to 18 12 1 13 20 28 9 33 19 22 4 32 31 11 14 5 29 24 2 3 27
pujde to 21 3 31
pujde to 7 13 4 16 12 3 15
pujde to 27 18 2 12 5 9 8 16 10 29 6 11 17 22 20
pujde to 13
ajajaj
pujde to 8
pujde to 5 18 10 1 11 21 6 9 19 14
pujde to 7
pujde to 13
ajajaj
pujde to 3
pujde to 2
pujde to 8
ajajaj
pujde to 10
pujde to 15
ajajaj
pujde to 12
pujde to 5 6 0
ajajaj
pujde to 17 35 0 28 12 26 30 3 8 5 31 15 6 20 18 29 1 9 27 4 13 34 22 7 23 16 33 25 21 14 24 19 2
pujde to 42 11 36 29 0 20 26 1 18 12 39 50 33 6 4 3 34 7 40 23
pujde to 81 70 19 37 65 32 80 127 11 133 52 60 30 137 119 40 44 29 123 13 107 12 99 134 82 54 100 17 135 25 35 72 84 112 55 87 7 42 41 88 5 120 63 132 94 85 68 18 116 59 31 1 39 108 106 9 121 75 66 91 22 23 71 113 26 90 33 21 129 8 38 36 125 20 117 67 15 34 58 27 53 6 136 89 56 126 118 45 130 57 83 101 76 47 48
ajajaj
pujde to 36
ajajaj
pujde to 17
ajajaj
pujde to 42 16 38 43 31 18 20 30 41 11 47 22 56 0 12 24 59 52 60 32 7 51 34 39 33
pujde to 100 73 43 26 75 53 76 98 50 74 109 97 77 85 25 67 68 131 80 136 128 42 104 16 108 78 44 132 125 48 106 29 61 91 39 129 41 90 62 117 31 126 24 55 105 69 9 23 60 70 5 40 94 63 110 114 58 107 89 20 130 46
pujde to 32 21 15 2 8 6 0 31 13 27 30 18 14 48 33 1 24 34 39 3 17 4 7 41 16 43 44 26 37 20 19 5 47 22 40 36 23 10
pujde to 80 200 238 288 218 134 209 291 248 76 159 178 122 179 300 171 349 31 162 116 259 67 66 85 236 132 337 303 21 223 211 3 186 77 96 155 22 333 169 192 346 113 304 299 109 103 91 258 287 188 251 7 322 12 229 146 38 83 176 137 168 19 35 301 57 274 351
ajajaj
pujde to 0 18 203 88 61 82 103 186 140 209 34 43 84 106 13 72 212 86 237 185 45 102 4 248 170 318 264 49 114 189 320 146 296 95 143 130 60 171 136 75 245 152 91 306 178 294 46 73 63 161 80 10 217 64 284 252 3 193 166 194 48 250 173 249 110 160 24 274 12 255 242 150 167 293 322 286 159 198 210 183 224 271 220 154 289 234 204 77 65 105 68 17 157 260 93 232 132 7 195 240 261 16 236 113 99 1 51 251 126 206 53 190 311 239 307 28 35 33 8 257
ajajaj
ajajaj
ajajaj
pujde to 195 887 215 494 165 900 586 22 642 695 223 662 920 300 735 639 403 184 878 831 453 706 726 658 382 255 724 579 291 147 425 512 616 53 760 207 515 355 276 574 711 58 21 106 346 381 539 64 40 551 802 865 801 214 856 703 379 436 271 17 216 447 562 378 693 848 816 563 69 421 763 829 728 54 498 589 284 671 731 744 870 416 663 47 329 766 679 294 593 590 674 302 391 510 275 538 604 383 124 597 326 719 2 714 687 4 121 617 141 373 879 717 906 148 771 600 192 665 14 464 411 540 50 466 915 162 499 866 850 325 136 909 698 395 456 780 908 474 93 375 778 438 171 191 524 684 281 565 821 384 429 646 349 842 764
