Bude nas to stat 26,-.
Pocet prekladu: 1.
Sotstina
Tatarstina
Bude nas to stat 97,-.
Pocet prekladu: 1.
Lotystina
Nandzstina
Bude nas to stat 30,-.
Pocet prekladu: 1.
Francouzstina
Kiňarwandstina
Bude nas to stat 25,-.
Pocet prekladu: 1.
Turectina
Benatstina
Bude nas to stat 45,-.
Pocet prekladu: 1.
Udmurstina
Bengalstina
Bude nas to stat 92,-.
Pocet prekladu: 1.
Bislamstina
Rustina
Takove prekladatele nemame.
Bude nas to stat 57,-.
Pocet prekladu: 1.
Unserdeutsch
Wolofstina
Bude nas to stat 34,-.
Pocet prekladu: 2.
Ewestina
Jidish
Arabstina
Bude nas to stat 72,-.
Pocet prekladu: 1.
Vietnamstina
Filipinstina
Bude nas to stat 69,-.
Pocet prekladu: 2.
Chorvatstina
Absaroctina
Barmstina
Bude nas to stat 8,-.
Pocet prekladu: 1.
Kyrgyzstina
Mongolstina
Bude nas to stat 41,-.
Pocet prekladu: 2.
Kurdstina
Paststina
Orkstina
Takove prekladatele nemame.
Bude nas to stat 97,-.
Pocet prekladu: 2.
Kokota
Afarstina
Bosenstina
Takove prekladatele nemame.
Bude nas to stat 27,-.
Pocet prekladu: 2.
Srbstina
Roparstina
Afarstina
Takove prekladatele nemame.
Bude nas to stat 39,-.
Pocet prekladu: 2.
Orijstina
Tetumstina
Estonstina
Bude nas to stat 266,-.
Pocet prekladu: 3.
Staroslovenstina
Tonzstina
Bengalstina
Mongolstina
Takove prekladatele nemame.
Bude nas to stat 74,-.
Pocet prekladu: 3.
Galicijstina
Maltstina
Filipinstina
Sangostina
Bude nas to stat 114,-.
Pocet prekladu: 3.
Samojstina
Vilamovstina
Burgundstina
Bambarstina
Bude nas to stat 121,-.
Pocet prekladu: 3.
Kiňarwandstina
Lucemburstina
Telugstina
Armenstina
Bude nas to stat 162,-.
Pocet prekladu: 3.
Lakadonstina
Nemcina
Pralovanstina
Bambarstina
Bude nas to stat 281,-.
Pocet prekladu: 4.
Zulustina
Ilokanstina
Roparstina
Kyrgyzstina
Srbstina
Bude nas to stat 117,-.
Pocet prekladu: 2.
Bosenstina
Amharstina
Kasmirstina
Bude nas to stat 84,-.
Pocet prekladu: 4.
Kecujstina
Norstina
Sanghajstina
Somalstina
Unserdeutsch
Takove prekladatele nemame.
Bude nas to stat 194,-.
Pocet prekladu: 4.
Amharstina
Lombardstina
Chorvatstina
Jidish
Vepstina
Bude nas to stat 100,-.
Pocet prekladu: 3.
Etrustina
Lakadonstina
Cebuanstina
Telugstina
Bude nas to stat 81,-.
Pocet prekladu: 4.
Italstina
Dakotstina
Indonestina
Hornoluzictina
Urdstina
Bude nas to stat 124,-.
Pocet prekladu: 3.
Vietnamstina
Litevstina
Bavorstina
Khmerstina
Bude nas to stat 164,-.
Pocet prekladu: 3.
Kajovstina
Svahilstina
Malgastina
Turectina
Bude nas to stat 72,-.
Pocet prekladu: 1.
Nemcina
Retoromanstina
Takove prekladatele nemame.
Bude nas to stat 41,-.
Pocet prekladu: 2.
Zazakstina
Somalstina
Unserdeutsch
Takove prekladatele nemame.
Takove prekladatele nemame.
Takove prekladatele nemame.
Takove prekladatele nemame.
Takove prekladatele nemame.
